<?xml version="1.0" encoding="UTF-8"?>
<!-- Generated by org.testng.reporters.JUnitXMLReporter -->
<testsuite ignored="0" hostname="DESKTOP-4T26L2U" failures="2" tests="4" name="Test" time="2.658" errors="0" timestamp="2022-01-04T23:38:12 CET">
  <testcase classname="biya.acharya" name="alag" time="2.065"/>
  <testcase classname="biya.acharya" name="negativeTesting404" time="0.527"/>
  <testcase classname="biya.acharya" name="weatherWithMetrics" time="0.0">
    <failure type="org.testng.TestNGException" message="
Parameter &amp;apos;a&amp;apos; is required by @Test on method weatherWithMetrics but has not been marked @Optional or defined
in C:\git\homie\home\javaProjects\testngNew.xml">
      <![CDATA[org.testng.TestNGException: 
Parameter 'a' is required by @Test on method weatherWithMetrics but has not been marked @Optional or defined
in C:\git\homie\home\javaProjects\testngNew.xml
at java.base/java.util.ArrayList.forEach(ArrayList.java:1511)
... Removed 26 stack frames]]>
    </failure>
  </testcase> <!-- weatherWithMetrics -->
  <testcase classname="afcon.cameroon" name="SeBasicWeatherApp" time="0.026">
    <failure type="java.lang.IllegalStateException" message="The driver executable must exist: D:\Selenium\chromedriver.exe">
      <![CDATA[java.lang.IllegalStateException: The driver executable must exist: D:\Selenium\chromedriver.exe
at org.openqa.selenium.internal.Require$FileStateChecker.isFile(Require.java:315)
at org.openqa.selenium.remote.service.DriverService.checkExecutable(DriverService.java:144)
at org.openqa.selenium.remote.service.DriverService.findExecutable(DriverService.java:139)
at org.openqa.selenium.chrome.ChromeDriverService.access$000(ChromeDriverService.java:38)
at org.openqa.selenium.chrome.ChromeDriverService$Builder.findDefaultExecutable(ChromeDriverService.java:231)
at org.openqa.selenium.remote.service.DriverService$Builder.build(DriverService.java:434)
at org.openqa.selenium.chrome.ChromeDriverService.createDefaultService(ChromeDriverService.java:127)
at org.openqa.selenium.chrome.ChromeDriver.<init>(ChromeDriver.java:46)
at afcon.cameroon.SeBasicWeatherApp(cameroon.java:17)
at java.base/java.util.ArrayList.forEach(ArrayList.java:1511)
... Removed 27 stack frames]]>
    </failure>
  </testcase> <!-- SeBasicWeatherApp -->
</testsuite> <!-- Test -->
